[2024-08-19T07:44:32.327+0000] {local_task_job_runner.py:120} INFO - ::group::Pre task execution logs
[2024-08-19T07:44:32.346+0000] {taskinstance.py:2076} INFO - Dependencies all met for dep_context=non-requeueable deps ti=<TaskInstance: Test_email.Test manual__2024-08-19T07:44:29.826034+00:00 [queued]>
[2024-08-19T07:44:32.358+0000] {taskinstance.py:2076} INFO - Dependencies all met for dep_context=requeueable deps ti=<TaskInstance: Test_email.Test manual__2024-08-19T07:44:29.826034+00:00 [queued]>
[2024-08-19T07:44:32.359+0000] {taskinstance.py:2306} INFO - Starting attempt 1 of 2
[2024-08-19T07:44:32.387+0000] {taskinstance.py:2330} INFO - Executing <Task(BashOperator): Test> on 2024-08-19 07:44:29.826034+00:00
[2024-08-19T07:44:32.396+0000] {warnings.py:112} WARNING - /home/***/.local/lib/python3.12/site-packages/***/task/task_runner/standard_task_runner.py:61: DeprecationWarning: This process (pid=247) is multi-threaded, use of fork() may lead to deadlocks in the child.
  pid = os.fork()

[2024-08-19T07:44:32.399+0000] {standard_task_runner.py:63} INFO - Started process 248 to run task
[2024-08-19T07:44:32.400+0000] {standard_task_runner.py:90} INFO - Running: ['***', 'tasks', 'run', 'Test_email', 'Test', 'manual__2024-08-19T07:44:29.826034+00:00', '--job-id', '1369', '--raw', '--subdir', 'DAGS_FOLDER/Test_Email.py', '--cfg-path', '/tmp/tmpbfunzjc6']
[2024-08-19T07:44:32.405+0000] {standard_task_runner.py:91} INFO - Job 1369: Subtask Test
[2024-08-19T07:44:32.499+0000] {task_command.py:426} INFO - Running <TaskInstance: Test_email.Test manual__2024-08-19T07:44:29.826034+00:00 [running]> on host ubuntu
[2024-08-19T07:44:32.659+0000] {taskinstance.py:2648} INFO - Exporting env vars: AIRFLOW_CTX_DAG_EMAIL='dohung24112002@gmail.com' AIRFLOW_CTX_DAG_OWNER='Ducky' AIRFLOW_CTX_DAG_ID='Test_email' AIRFLOW_CTX_TASK_ID='Test' AIRFLOW_CTX_EXECUTION_DATE='2024-08-19T07:44:29.826034+00:00' AIRFLOW_CTX_TRY_NUMBER='1' AIRFLOW_CTX_DAG_RUN_ID='manual__2024-08-19T07:44:29.826034+00:00'
[2024-08-19T07:44:32.662+0000] {taskinstance.py:430} INFO - ::endgroup::
[2024-08-19T07:44:32.685+0000] {subprocess.py:63} INFO - Tmp dir root location: /tmp
[2024-08-19T07:44:32.686+0000] {subprocess.py:75} INFO - Running command: ['/usr/bin/bash', '-c', 'cd non_exist_folder']
[2024-08-19T07:44:32.698+0000] {subprocess.py:86} INFO - Output:
[2024-08-19T07:44:32.700+0000] {subprocess.py:93} INFO - /usr/bin/bash: line 1: cd: non_exist_folder: No such file or directory
[2024-08-19T07:44:32.701+0000] {subprocess.py:97} INFO - Command exited with return code 1
[2024-08-19T07:44:32.702+0000] {taskinstance.py:441} INFO - ::group::Post task execution logs
[2024-08-19T07:44:32.717+0000] {taskinstance.py:2905} ERROR - Task failed with exception
Traceback (most recent call last):
  File "/home/airflow/.local/lib/python3.12/site-packages/airflow/models/taskinstance.py", line 465, in _execute_task
    result = _execute_callable(context=context, **execute_callable_kwargs)
             ^^^^^^^^^^^^^^^^^^^^^^^^^^^^^^^^^^^^^^^^^^^^^^^^^^^^^^^^^^^^^
  File "/home/airflow/.local/lib/python3.12/site-packages/airflow/models/taskinstance.py", line 432, in _execute_callable
    return execute_callable(context=context, **execute_callable_kwargs)
           ^^^^^^^^^^^^^^^^^^^^^^^^^^^^^^^^^^^^^^^^^^^^^^^^^^^^^^^^^^^^
  File "/home/airflow/.local/lib/python3.12/site-packages/airflow/models/baseoperator.py", line 401, in wrapper
    return func(self, *args, **kwargs)
           ^^^^^^^^^^^^^^^^^^^^^^^^^^^
  File "/home/airflow/.local/lib/python3.12/site-packages/airflow/operators/bash.py", line 243, in execute
    raise AirflowException(
airflow.exceptions.AirflowException: Bash command failed. The command returned a non-zero exit code 1.
[2024-08-19T07:44:32.725+0000] {taskinstance.py:1206} INFO - Marking task as UP_FOR_RETRY. dag_id=Test_email, task_id=Test, run_id=manual__2024-08-19T07:44:29.826034+00:00, execution_date=20240819T074429, start_date=20240819T074432, end_date=20240819T074432
[2024-08-19T07:44:32.747+0000] {standard_task_runner.py:110} ERROR - Failed to execute job 1369 for task Test (Bash command failed. The command returned a non-zero exit code 1.; 248)
[2024-08-19T07:44:32.777+0000] {local_task_job_runner.py:240} INFO - Task exited with return code 1
[2024-08-19T07:44:32.797+0000] {taskinstance.py:3503} INFO - 0 downstream tasks scheduled from follow-on schedule check
[2024-08-19T07:44:32.800+0000] {local_task_job_runner.py:222} INFO - ::endgroup::
